

2020-08-22 11:21:44,484 [1] INFO CAPA_UI.Login - Ingreso del usuario admin
2020-08-22 11:21:50,364 [1] ERROR CAPA_UI.Admin_Reportes_Cliente - Error al llenar un report viewer
Message: Referencia a objeto no establecida como instancia de un objeto.
Source: CAPA_UI
Data: System.Collections.ListDictionaryInternal

2020-08-22 11:21:59,206 [1] ERROR CAPA_UI.Admin_Reportes_Repartidor - Error al llenar un report viewer
Message: Referencia a objeto no establecida como instancia de un objeto.
Source: CAPA_UI
Data: System.Collections.ListDictionaryInternal

2020-08-22 11:21:59,214 [1] ERROR CAPA_UI.Admin_Reportes_Repartidor - Error al llenar un report viewer
Message: Referencia a objeto no establecida como instancia de un objeto.
Source: CAPA_UI
Data: System.Collections.ListDictionaryInternal

2020-08-22 11:41:38,327 [1] ERROR CAPA_UI.Login - El usuario no existe
Message: Referencia a objeto no establecida como instancia de un objeto.
Source: CAPA_UI
Data: System.Collections.ListDictionaryInternal

2020-08-22 11:41:45,328 [1] INFO CAPA_UI.Login - Ingreso del usuario jmejias986@gmail.com
2020-08-22 11:59:15,525 [1] INFO CAPA_UI.Login - Ingreso del usuario jmejias986@gmail.com
2020-08-22 12:00:10,484 [1] INFO CAPA_UI.Login - Ingreso del usuario jmejias986@gmail.com
2020-08-22 12:01:23,511 [1] INFO CAPA_UI.Login - Ingreso del usuario jmejias986@gmail.com
2020-08-22 12:02:18,493 [1] INFO CAPA_UI.Login - Ingreso del usuario jmejias986@gmail.com
2020-08-22 12:03:24,068 [1] INFO CAPA_UI.Login - Ingreso del usuario jmejias986@gmail.com
2020-08-22 12:04:02,883 [1] INFO CAPA_UI.Login - Ingreso del usuario jmejias986@gmail.com
2020-08-22 12:04:43,214 [1] INFO CAPA_UI.Login - Ingreso del usuario jmejias986@gmail.com
2020-08-22 12:05:48,459 [1] INFO CAPA_UI.Login - Ingreso del usuario jmejias986@gmail.com
2020-08-22 12:06:51,099 [1] INFO CAPA_UI.Login - Ingreso del usuario jmejias986@gmail.com
2020-08-22 12:07:28,947 [1] INFO CAPA_UI.Login - Ingreso del usuario jmejias986@gmail.com
2020-08-22 12:08:34,145 [1] INFO CAPA_UI.Login - Ingreso del usuario jmejias986@gmail.com
2020-08-22 12:12:13,664 [1] INFO CAPA_UI.Cliente_NuevoPedido - Se ha canjeado un cupon de descuento
2020-08-22 12:12:44,294 [1] INFO CAPA_UI.Cliente_NuevoPedido - El cliente: jmejias986@gmail.com ha realizado una orden
2020-08-22 12:16:03,417 [1] INFO CAPA_UI.Login - Ingreso del usuario pizzahot@gmail.com
2020-08-22 12:17:35,752 [1] INFO CAPA_UI.Negocio_AceptarPedido - EL negocio:Pizza Hot acepto un pedido
2020-08-22 12:19:15,316 [1] INFO CAPA_UI.Login - Ingreso del usuario jomej@gmail.com
2020-08-22 12:21:44,671 [1] INFO CAPA_UI.Repartidor_AceptarEntregas - El repartidor: jomej@gmail.com entrgo un pedido
2020-08-22 12:22:00,455 [1] INFO CAPA_UI.Login - Ingreso del usuario jmejias986@gmail.com
2020-08-22 12:22:39,332 [1] INFO CAPA_UI.Cliente_PedidoActual - El cliente realizo una calificacion al negocio y repartidor
2020-08-22 12:22:53,824 [1] INFO CAPA_UI.Login - Ingreso del usuario pizzahot@gmail.com
2020-08-22 12:23:18,385 [1] INFO CAPA_UI.Login - Ingreso del usuario jomej@gmail.com
2020-08-22 12:23:52,705 [1] INFO CAPA_UI.Login - Ingreso del usuario jmejias986@gmail.com
2020-08-22 12:26:08,380 [1] INFO CAPA_UI.Login - Ingreso del usuario admin
2020-08-22 12:26:14,334 [1] ERROR CAPA_UI.Admin_Reportes_Cliente - Error al llenar un report viewer
Message: Referencia a objeto no establecida como instancia de un objeto.
Source: CAPA_UI
Data: System.Collections.ListDictionaryInternal

2020-08-22 12:27:22,217 [1] ERROR CAPA_UI.Admin_Reportes_Repartidor - Error al llenar un report viewer
Message: Referencia a objeto no establecida como instancia de un objeto.
Source: CAPA_UI
Data: System.Collections.ListDictionaryInternal

2020-08-22 12:27:22,219 [1] ERROR CAPA_UI.Admin_Reportes_Repartidor - Error al llenar un report viewer
Message: Referencia a objeto no establecida como instancia de un objeto.
Source: CAPA_UI
Data: System.Collections.ListDictionaryInternal

2020-08-22 16:36:38,019 [1] INFO CAPA_UI.Login - Ingreso del usuario jmejias986@gmail.com
2020-08-22 16:37:18,512 [1] INFO CAPA_UI.Cliente_NuevoPedido - El cliente: jmejias986@gmail.com ha realizado una orden
2020-08-22 16:37:43,914 [1] INFO CAPA_UI.Login - Ingreso del usuario jmejias986@gmail.com
2020-08-22 16:42:33,653 [1] INFO CAPA_UI.Login - Ingreso del usuario jmejias986@gmail.com
2020-08-22 16:44:57,039 [1] ERROR CAPA_UI.Login - El usuario no existe
Message: Referencia a objeto no establecida como instancia de un objeto.
Source: CAPA_UI
Data: System.Collections.ListDictionaryInternal

2020-08-22 16:45:03,101 [1] ERROR CAPA_UI.Login - El usuario no existe
Message: Referencia a objeto no establecida como instancia de un objeto.
Source: CAPA_UI
Data: System.Collections.ListDictionaryInternal

2020-08-22 16:45:06,899 [1] INFO CAPA_UI.Login - Ingreso del usuario jmejias986@gmail.com
2020-08-22 16:49:42,556 [1] INFO CAPA_UI.Login - Ingreso del usuario jmejias986@gmail.com
2020-08-22 16:49:48,247 [1] ERROR CAPA_UI.Cliente_NuevoPedido - El cliente no cuenta con facturas pendientes
Message: Referencia a objeto no establecida como instancia de un objeto.
Source: CAPA_UI
Data: System.Collections.ListDictionaryInternal

2020-08-22 16:55:00,183 [1] INFO CAPA_UI.Login - Ingreso del usuario jmejias986@gmail.com
2020-08-22 16:56:38,149 [1] INFO CAPA_UI.Login - Ingreso del usuario jmejias986@gmail.com
2020-08-22 16:57:07,477 [1] INFO CAPA_UI.Login - Ingreso del usuario pollolandia@gmail.com
2020-08-22 16:57:27,253 [1] INFO CAPA_UI.Negocio_AceptarPedido - EL negocio:Pollolandia acepto un pedido
2020-08-22 16:57:39,917 [1] INFO CAPA_UI.Login - Ingreso del usuario jmejias986@gmail.com
2020-08-22 16:58:05,330 [1] INFO CAPA_UI.Login - Ingreso del usuario jomej@gmail.com
2020-08-22 16:58:39,787 [1] INFO CAPA_UI.Repartidor_AceptarEntregas - El repartidor: jomej@gmail.com entrgo un pedido
2020-08-22 16:58:53,295 [1] INFO CAPA_UI.Login - Ingreso del usuario jmejias986@gmail.com
2020-08-22 16:59:22,906 [1] INFO CAPA_UI.Cliente_PedidoActual - El cliente realizo una calificacion al negocio y repartidor
2020-08-22 16:59:27,295 [1] ERROR CAPA_UI.Cliente_NuevoPedido - El cliente no cuenta con facturas pendientes
Message: Referencia a objeto no establecida como instancia de un objeto.
Source: CAPA_UI
Data: System.Collections.ListDictionaryInternal

2020-08-22 17:04:10,637 [1] INFO CAPA_UI.Login - Ingreso del usuario admin
2020-08-22 17:04:21,579 [1] INFO CAPA_UI.Login - Ingreso del usuario jmejias986@gmail.com
2020-08-22 17:04:26,987 [1] ERROR CAPA_UI.Cliente_NuevoPedido - El cliente no cuenta con facturas pendientes
Message: Referencia a objeto no establecida como instancia de un objeto.
Source: CAPA_UI
Data: System.Collections.ListDictionaryInternal

2020-08-22 17:05:04,051 [1] ERROR CAPA_UI.Cliente_NuevoPedido - El cliente no cuenta con facturas pendientes
Message: Referencia a objeto no establecida como instancia de un objeto.
Source: CAPA_UI
Data: System.Collections.ListDictionaryInternal

2020-08-22 17:05:24,372 [1] INFO CAPA_UI.Cliente_NuevoPedido - El cliente: jmejias986@gmail.com ha realizado una orden
2020-08-22 17:06:01,287 [1] ERROR CAPA_UI.Login - El usuario no existe
Message: Referencia a objeto no establecida como instancia de un objeto.
Source: CAPA_UI
Data: System.Collections.ListDictionaryInternal

2020-08-22 17:06:07,313 [1] INFO CAPA_UI.Login - Ingreso del usuario hambuguesascr@gmail.com
2020-08-22 17:06:15,357 [1] INFO CAPA_UI.Negocio_AceptarPedido - EL negocio:Hamburgueseria CR acepto un pedido
2020-08-22 17:06:30,027 [1] INFO CAPA_UI.Login - Ingreso del usuario jomej@gmail.com
2020-08-22 17:06:43,967 [1] INFO CAPA_UI.Repartidor_AceptarEntregas - El repartidor: jomej@gmail.com entrgo un pedido
2020-08-22 17:06:57,064 [1] INFO CAPA_UI.Login - Ingreso del usuario jmejias986@gmail.com
2020-08-22 17:07:32,349 [1] INFO CAPA_UI.Cliente_PedidoActual - El cliente realizo una calificacion al negocio y repartidor
2020-08-22 17:07:39,820 [1] ERROR CAPA_UI.Cliente_NuevoPedido - El cliente no cuenta con facturas pendientes
Message: Referencia a objeto no establecida como instancia de un objeto.
Source: CAPA_UI
Data: System.Collections.ListDictionaryInternal

2020-08-22 17:23:31,169 [1] INFO CAPA_UI.Login - Ingreso del usuario exar@gmail.com
2020-08-22 17:23:35,333 [1] ERROR CAPA_UI.Cliente_NuevoPedido - El cliente no cuenta con facturas pendientes
Message: La conversión especificada no es válida.
Source: CAPA_DATOS
Data: System.Collections.ListDictionaryInternal

2020-08-22 17:23:42,349 [1] ERROR CAPA_UI.Cliente_Reportes - No se pudo llenar un report viewer
Message: La conversión especificada no es válida.
Source: CAPA_DATOS
Data: System.Collections.ListDictionaryInternal

2020-08-22 17:23:43,669 [1] ERROR CAPA_UI.Cliente_Reportes - No se pudo llenar un report viewer
Message: La conversión especificada no es válida.
Source: CAPA_DATOS
Data: System.Collections.ListDictionaryInternal

2020-08-22 17:23:49,501 [1] ERROR CAPA_UI.Cliente_NuevoPedido - El cliente no cuenta con facturas pendientes
Message: La conversión especificada no es válida.
Source: CAPA_DATOS
Data: System.Collections.ListDictionaryInternal

2020-08-22 17:26:16,429 [1] INFO CAPA_UI.Cliente_NuevoPedido - Se ha canjeado un cupon de descuento
2020-08-22 17:26:24,982 [1] INFO CAPA_UI.Cliente_NuevoPedido - El cliente: exar@gmail.com ha realizado una orden
2020-08-22 17:32:34,596 [1] INFO CAPA_UI.Login - Ingreso del usuario jmejias986@gmail.com
2020-08-22 17:40:15,877 [1] INFO CAPA_UI.Login - Ingreso del usuario fau@gmail.com
2020-08-22 17:40:21,586 [1] ERROR CAPA_UI.Cliente_NuevoPedido - El cliente no cuenta con facturas pendientes
Message: La conversión especificada no es válida.
Source: CAPA_DATOS
Data: System.Collections.ListDictionaryInternal

2020-08-22 17:41:08,993 [1] INFO CAPA_UI.Cliente_NuevoPedido - Se ha canjeado un cupon de producto gratis
2020-08-22 17:41:37,972 [1] INFO CAPA_UI.Cliente_NuevoPedido - El cliente: fau@gmail.com ha realizado una orden
2020-08-22 17:41:56,436 [1] INFO CAPA_UI.Login - Ingreso del usuario pollolandia@gmail.com
2020-08-22 17:42:09,336 [1] INFO CAPA_UI.Negocio_AceptarPedido - EL negocio:Pollolandia acepto un pedido
2020-08-22 17:42:29,197 [1] INFO CAPA_UI.Login - Ingreso del usuario hambuguesascr@gmail.com
2020-08-22 17:42:37,026 [1] INFO CAPA_UI.Negocio_AceptarPedido - EL negocio:Hamburgueseria CR acepto un pedido
2020-08-22 17:42:55,525 [1] INFO CAPA_UI.Login - Ingreso del usuario jomej@gmail.com
2020-08-22 17:43:08,883 [1] INFO CAPA_UI.Repartidor_AceptarEntregas - El repartidor: jomej@gmail.com entrgo un pedido
2020-08-22 17:43:47,538 [1] INFO CAPA_UI.Login - Ingreso del usuario jomej@gmail.com
2020-08-22 17:49:30,575 [1] INFO CAPA_UI.Login - Ingreso del usuario jomej@gmail.com
2020-08-22 17:50:01,411 [1] ERROR CAPA_UI.Login - El usuario no existe
Message: Referencia a objeto no establecida como instancia de un objeto.
Source: CAPA_UI
Data: System.Collections.ListDictionaryInternal

2020-08-22 17:50:05,842 [1] INFO CAPA_UI.Login - Ingreso del usuario exar@gmail.com
2020-08-22 17:50:23,485 [1] INFO CAPA_UI.Cliente_PedidoActual - El cliente realizo una calificacion al negocio y repartidor
2020-08-22 17:50:33,492 [1] INFO CAPA_UI.Login - Ingreso del usuario fau@gmail.com
2020-08-22 17:50:40,459 [1] ERROR CAPA_UI.Cliente_NuevoPedido - El cliente no cuenta con facturas pendientes
Message: Referencia a objeto no establecida como instancia de un objeto.
Source: CAPA_UI
Data: System.Collections.ListDictionaryInternal

2020-08-22 17:52:35,827 [1] INFO CAPA_UI.Login - Ingreso del usuario fau@gmail.com
2020-08-22 17:52:49,428 [1] ERROR CAPA_UI.Cliente_NuevoPedido - El cliente no cuenta con facturas pendientes
Message: Referencia a objeto no establecida como instancia de un objeto.
Source: CAPA_UI
Data: System.Collections.ListDictionaryInternal

2020-08-22 17:53:08,038 [1] INFO CAPA_UI.Cliente_NuevoPedido - El cliente: fau@gmail.com ha realizado una orden
2020-08-22 17:53:25,011 [1] INFO CAPA_UI.Login - Ingreso del usuario pollolandia@gmail.com
2020-08-22 17:53:34,241 [1] INFO CAPA_UI.Negocio_AceptarPedido - EL negocio:Pollolandia acepto un pedido
2020-08-22 17:53:50,674 [1] INFO CAPA_UI.Login - Ingreso del usuario jomej@gmail.com
2020-08-22 17:54:07,453 [1] INFO CAPA_UI.Repartidor_AceptarEntregas - El repartidor: jomej@gmail.com entrgo un pedido
2020-08-24 12:19:19,036 [1] INFO CAPA_UI.Login - Ingreso del usuario jmejias986@gmail.com
2020-08-24 12:22:39,076 [1] INFO CAPA_UI.Cliente_PedidoActual - El cliente realizo una calificacion al negocio y repartidor
2020-08-24 12:22:42,297 [1] ERROR CAPA_UI.Cliente_NuevoPedido - El cliente no cuenta con facturas pendientes
Message: Referencia a objeto no establecida como instancia de un objeto.
Source: CAPA_UI
Data: System.Collections.ListDictionaryInternal

2020-08-24 12:23:08,345 [1] INFO CAPA_UI.Cliente_NuevoPedido - El cliente: jmejias986@gmail.com ha realizado una orden
2020-08-24 12:23:47,702 [1] INFO CAPA_UI.Login - Ingreso del usuario exar@gmail.com
2020-08-24 12:26:22,165 [1] INFO CAPA_UI.Login - Ingreso del usuario jomej@gmail.com
2020-08-24 12:29:53,330 [1] INFO CAPA_UI.Login - Ingreso del usuario exar@gmail.com
2020-08-24 12:29:57,402 [1] ERROR CAPA_UI.Cliente_NuevoPedido - El cliente no cuenta con facturas pendientes
Message: La conversión especificada no es válida.
Source: CAPA_DATOS
Data: System.Collections.ListDictionaryInternal

2020-08-24 12:30:02,646 [1] ERROR CAPA_UI.Cliente_PedidoActual - El cliente no tiene facturas para calificar
Message: La conversión especificada no es válida.
Source: CAPA_DATOS
Data: System.Collections.ListDictionaryInternal

2020-08-24 12:30:05,131 [1] ERROR CAPA_UI.Cliente_NuevoPedido - El cliente no cuenta con facturas pendientes
Message: La conversión especificada no es válida.
Source: CAPA_DATOS
Data: System.Collections.ListDictionaryInternal

2020-08-24 12:31:36,532 [1] INFO CAPA_UI.Login - Ingreso del usuario jmejias986@gmail.com
2020-08-24 12:32:37,006 [1] ERROR CAPA_UI.Cliente_NuevoPedido - El cliente no cuenta con facturas pendientes
Message: Referencia a objeto no establecida como instancia de un objeto.
Source: CAPA_UI
Data: System.Collections.ListDictionaryInternal

2020-08-24 12:36:14,052 [1] INFO CAPA_UI.Login - Ingreso del usuario jmejias986@gmail.com
2020-08-24 12:36:19,085 [1] ERROR CAPA_UI.Cliente_NuevoPedido - El cliente no cuenta con facturas pendientes
Message: Referencia a objeto no establecida como instancia de un objeto.
Source: CAPA_UI
Data: System.Collections.ListDictionaryInternal

2020-08-24 12:36:36,969 [1] INFO CAPA_UI.Login - Ingreso del usuario exar@gmail.com
2020-08-24 12:36:45,301 [1] ERROR CAPA_UI.Cliente_NuevoPedido - El cliente no cuenta con facturas pendientes
Message: La conversión especificada no es válida.
Source: CAPA_DATOS
Data: System.Collections.ListDictionaryInternal

2020-08-24 12:37:00,789 [1] INFO CAPA_UI.Cliente_NuevoPedido - El cliente: exar@gmail.com ha realizado una orden
2020-08-24 12:37:15,243 [1] INFO CAPA_UI.Login - Ingreso del usuario fau@gmail.com
2020-08-24 12:38:26,751 [1] INFO CAPA_UI.Login - Ingreso del usuario marc@gmail.com
2020-08-24 12:38:31,090 [1] ERROR CAPA_UI.Cliente_NuevoPedido - El cliente no cuenta con facturas pendientes
Message: La conversión especificada no es válida.
Source: CAPA_DATOS
Data: System.Collections.ListDictionaryInternal

2020-08-24 12:38:45,311 [1] INFO CAPA_UI.Cliente_NuevoPedido - El cliente: marc@gmail.com ha realizado una orden
2020-08-24 12:39:00,753 [1] INFO CAPA_UI.Login - Ingreso del usuario esteban@gmail.com
2020-08-24 12:39:24,560 [1] INFO CAPA_UI.Login - Ingreso del usuario meylin@gmail.com
2020-08-24 12:39:28,277 [1] ERROR CAPA_UI.Cliente_NuevoPedido - El cliente no cuenta con facturas pendientes
Message: La conversión especificada no es válida.
Source: CAPA_DATOS
Data: System.Collections.ListDictionaryInternal

2020-08-24 12:39:46,835 [1] INFO CAPA_UI.Cliente_NuevoPedido - El cliente: meylin@gmail.com ha realizado una orden
2020-08-24 12:40:15,319 [1] INFO CAPA_UI.Login - Ingreso del usuario pollolandia@gmail.com
2020-08-24 12:40:31,375 [1] INFO CAPA_UI.Negocio_AceptarPedido - EL negocio:Pollolandia acepto un pedido
2020-08-24 12:40:38,900 [1] INFO CAPA_UI.Negocio_AceptarPedido - EL negocio:Pollolandia acepto un pedido
2020-08-24 12:40:57,487 [1] INFO CAPA_UI.Login - Ingreso del usuario hambuguesascr@gmail.com
2020-08-24 12:41:06,766 [1] INFO CAPA_UI.Negocio_AceptarPedido - EL negocio:Hamburgueseria CR acepto un pedido
2020-08-24 12:41:14,410 [1] INFO CAPA_UI.Negocio_AceptarPedido - EL negocio:Hamburgueseria CR acepto un pedido
2020-08-24 12:41:25,062 [1] INFO CAPA_UI.Login - Ingreso del usuario jomej@gmail.com
2020-08-24 12:41:43,433 [1] INFO CAPA_UI.Repartidor_AceptarEntregas - El repartidor: jomej@gmail.com entrgo un pedido
2020-08-24 12:42:54,457 [1] INFO CAPA_UI.Login - Ingreso del usuario jomej@gmail.com
2020-08-24 12:43:14,046 [1] INFO CAPA_UI.Login - Ingreso del usuario marc@gmail.com
2020-08-24 12:43:27,774 [1] INFO CAPA_UI.Login - Ingreso del usuario esteban@gmail.com
2020-08-24 12:43:41,272 [1] INFO CAPA_UI.Repartidor_AceptarEntregas - El repartidor: esteban@gmail.com entrgo un pedido
2020-08-24 12:48:23,546 [1] INFO CAPA_UI.Login - Ingreso del usuario jomej@gmail.com
2020-08-24 12:50:38,907 [1] INFO CAPA_UI.Login - Ingreso del usuario jomej@gmail.com
2020-08-24 12:55:07,624 [1] INFO CAPA_UI.Login - Ingreso del usuario jomej@gmail.com
2020-08-24 12:57:13,573 [1] INFO CAPA_UI.Login - Ingreso del usuario jomej@gmail.com
2020-08-24 12:58:57,070 [1] INFO CAPA_UI.Login - Ingreso del usuario jomej@gmail.com
2020-08-24 13:13:47,009 [1] INFO CAPA_UI.Login - Ingreso del usuario jomej@gmail.com
2020-08-24 13:14:04,460 [1] INFO CAPA_UI.Login - Ingreso del usuario jmejias986@gmail.com
2020-08-24 13:14:09,724 [1] ERROR CAPA_UI.Cliente_NuevoPedido - El cliente no cuenta con facturas pendientes
Message: Referencia a objeto no establecida como instancia de un objeto.
Source: CAPA_UI
Data: System.Collections.ListDictionaryInternal

2020-08-24 13:14:23,762 [1] INFO CAPA_UI.Cliente_NuevoPedido - El cliente: jmejias986@gmail.com ha realizado una orden
2020-08-24 13:14:33,726 [1] INFO CAPA_UI.Login - Ingreso del usuario exar@gmail.com
2020-08-24 13:14:36,896 [1] ERROR CAPA_UI.Cliente_NuevoPedido - El cliente no cuenta con facturas pendientes
Message: La conversión especificada no es válida.
Source: CAPA_DATOS
Data: System.Collections.ListDictionaryInternal

2020-08-24 13:14:48,916 [1] INFO CAPA_UI.Cliente_NuevoPedido - El cliente: exar@gmail.com ha realizado una orden
2020-08-24 13:15:01,173 [1] INFO CAPA_UI.Login - Ingreso del usuario jomej@gmail.com
2020-08-24 13:15:17,348 [1] INFO CAPA_UI.Login - Ingreso del usuario pollolandia@gmail.com
2020-08-24 13:15:32,306 [1] INFO CAPA_UI.Negocio_AceptarPedido - EL negocio:Pollolandia acepto un pedido
2020-08-24 13:15:49,435 [1] INFO CAPA_UI.Login - Ingreso del usuario hambuguesascr@gmail.com
2020-08-24 13:15:59,993 [1] INFO CAPA_UI.Negocio_AceptarPedido - EL negocio:Hamburgueseria CR acepto un pedido
2020-08-24 13:16:11,499 [1] INFO CAPA_UI.Login - Ingreso del usuario jomej@gmail.com
2020-08-24 13:16:30,600 [1] INFO CAPA_UI.Repartidor_AceptarEntregas - El repartidor: jomej@gmail.com entrgo un pedido
2020-08-24 13:16:46,080 [1] INFO CAPA_UI.Repartidor_AceptarEntregas - El repartidor: jomej@gmail.com entrgo un pedido
2020-08-24 13:17:28,125 [1] INFO CAPA_UI.Login - Ingreso del usuario jmejias986@gmail.com
2020-08-24 13:17:49,853 [1] INFO CAPA_UI.Cliente_PedidoActual - El cliente realizo una calificacion al negocio y repartidor
2020-08-24 13:17:52,536 [1] ERROR CAPA_UI.Cliente_NuevoPedido - El cliente no cuenta con facturas pendientes
Message: Referencia a objeto no establecida como instancia de un objeto.
Source: CAPA_UI
Data: System.Collections.ListDictionaryInternal

2020-08-24 13:18:05,569 [1] INFO CAPA_UI.Login - Ingreso del usuario exar@gmail.com
2020-08-24 13:18:09,832 [1] ERROR CAPA_UI.Cliente_NuevoPedido - El cliente no cuenta con facturas pendientes
Message: Referencia a objeto no establecida como instancia de un objeto.
Source: CAPA_UI
Data: System.Collections.ListDictionaryInternal

2020-08-24 13:18:12,336 [1] ERROR CAPA_UI.Cliente_NuevoPedido - El cliente no cuenta con facturas pendientes
Message: Referencia a objeto no establecida como instancia de un objeto.
Source: CAPA_UI
Data: System.Collections.ListDictionaryInternal

2020-08-24 13:18:33,271 [1] INFO CAPA_UI.Login - Ingreso del usuario exar@gmail.com
2020-08-24 13:18:38,307 [1] ERROR CAPA_UI.Cliente_NuevoPedido - El cliente no cuenta con facturas pendientes
Message: Referencia a objeto no establecida como instancia de un objeto.
Source: CAPA_UI
Data: System.Collections.ListDictionaryInternal

2020-08-24 13:24:41,200 [1] ERROR CAPA_UI.Cliente_NuevoPedido - El cliente no cuenta con facturas pendientes
Message: Referencia a objeto no establecida como instancia de un objeto.
Source: CAPA_UI
Data: System.Collections.ListDictionaryInternal

2020-08-24 13:24:52,167 [1] INFO CAPA_UI.Login - Ingreso del usuario jmejias986@gmail.com
2020-08-24 13:25:18,217 [1] INFO CAPA_UI.Cliente_PedidoActual - El cliente realizo una calificacion al negocio y repartidor
2020-08-24 13:25:21,964 [1] ERROR CAPA_UI.Cliente_NuevoPedido - El cliente no cuenta con facturas pendientes
Message: Referencia a objeto no establecida como instancia de un objeto.
Source: CAPA_UI
Data: System.Collections.ListDictionaryInternal

2020-08-24 13:25:58,644 [1] ERROR CAPA_UI.Cliente_NuevoPedido - El cliente no cuenta con facturas pendientes
Message: Referencia a objeto no establecida como instancia de un objeto.
Source: CAPA_UI
Data: System.Collections.ListDictionaryInternal

2020-08-24 13:30:36,323 [1] INFO CAPA_UI.Login - Ingreso del usuario jmejias986@gmail.com
2020-08-24 13:30:40,959 [1] ERROR CAPA_UI.Cliente_NuevoPedido - El cliente no cuenta con facturas pendientes
Message: Referencia a objeto no establecida como instancia de un objeto.
Source: CAPA_UI
Data: System.Collections.ListDictionaryInternal

2020-08-24 13:34:46,346 [1] INFO CAPA_UI.Login - Ingreso del usuario jmejias986@gmail.com
2020-08-24 13:34:51,033 [1] ERROR CAPA_UI.Cliente_NuevoPedido - El cliente no cuenta con facturas pendientes
Message: Referencia a objeto no establecida como instancia de un objeto.
Source: CAPA_UI
Data: System.Collections.ListDictionaryInternal

2020-08-24 13:39:56,825 [1] INFO CAPA_UI.Login - Ingreso del usuario jmejias986@gmail.com
2020-08-24 13:40:00,949 [1] ERROR CAPA_UI.Cliente_NuevoPedido - El cliente no cuenta con facturas pendientes
Message: Referencia a objeto no establecida como instancia de un objeto.
Source: CAPA_UI
Data: System.Collections.ListDictionaryInternal

2020-08-24 14:11:09,707 [1] INFO CAPA_UI.Login - Ingreso del usuario jmejias986@gmail.com
2020-08-24 14:11:16,833 [1] ERROR CAPA_UI.Cliente_NuevoPedido - El cliente no cuenta con facturas pendientes
Message: Referencia a objeto no establecida como instancia de un objeto.
Source: CAPA_UI
Data: System.Collections.ListDictionaryInternal

2020-08-24 14:11:54,658 [1] INFO CAPA_UI.Cliente_NuevoPedido - El cliente: jmejias986@gmail.com ha realizado una orden
2020-08-24 14:16:34,078 [1] INFO CAPA_UI.Login - Ingreso del usuario pizzahot@gmail.com
2020-08-24 14:17:38,505 [1] INFO CAPA_UI.Negocio_AceptarPedido - EL negocio:Pizza Hot acepto un pedido
2020-08-24 14:17:44,675 [1] ERROR CAPA_UI.Negocio_AceptarPedido - Error al visualizar el detalle factura
Message: El índice estaba fuera del intervalo. Debe ser un valor no negativo e inferior al tamaño de la colección.
Nombre del parámetro: index
Source: mscorlib
Data: System.Collections.ListDictionaryInternal

2020-08-24 14:18:34,146 [1] INFO CAPA_UI.Login - Ingreso del usuario esteban@gmail.com
2020-08-24 14:19:42,482 [1] INFO CAPA_UI.Repartidor_AceptarEntregas - El repartidor: esteban@gmail.com entrgo un pedido
2020-08-24 14:20:41,792 [1] INFO CAPA_UI.Login - Ingreso del usuario jomej@gmail.com
2020-08-24 14:21:58,231 [1] INFO CAPA_UI.Login - Ingreso del usuario jmejias986@gmail.com
2020-08-24 14:22:48,584 [1] INFO CAPA_UI.Cliente_PedidoActual - El cliente realizo una calificacion al negocio y repartidor
2020-08-24 14:22:51,452 [1] ERROR CAPA_UI.Cliente_NuevoPedido - El cliente no cuenta con facturas pendientes
Message: Referencia a objeto no establecida como instancia de un objeto.
Source: CAPA_UI
Data: System.Collections.ListDictionaryInternal

2020-08-24 14:23:14,785 [1] INFO CAPA_UI.Login - Ingreso del usuario pizzahot@gmail.com
2020-08-24 14:23:38,654 [1] INFO CAPA_UI.Login - Ingreso del usuario esteban@gmail.com
2020-08-24 14:25:30,120 [1] INFO CAPA_UI.Login - Ingreso del usuario jomej@gmail.com
2020-08-24 14:27:26,872 [1] INFO CAPA_UI.Login - Ingreso del usuario jomej@gmail.com
2020-08-24 14:28:00,651 [1] INFO CAPA_UI.Login - Ingreso del usuario admin
2020-08-24 14:28:21,406 [1] ERROR CAPA_UI.Admin_Reportes_Cliente - Error al llenar un report viewer
Message: Referencia a objeto no establecida como instancia de un objeto.
Source: CAPA_UI
Data: System.Collections.ListDictionaryInternal

2020-08-24 14:29:13,832 [1] ERROR CAPA_UI.Admin_Reportes_Repartidor - Error al llenar un report viewer
Message: Referencia a objeto no establecida como instancia de un objeto.
Source: CAPA_UI
Data: System.Collections.ListDictionaryInternal

2020-08-24 14:29:13,901 [1] ERROR CAPA_UI.Admin_Reportes_Repartidor - Error al llenar un report viewer
Message: Referencia a objeto no establecida como instancia de un objeto.
Source: CAPA_UI
Data: System.Collections.ListDictionaryInternal

2020-08-25 11:48:30,919 [1] INFO CAPA_UI.Login - Ingreso del usuario exar@gmail.com
2020-08-25 11:48:35,709 [1] ERROR CAPA_UI.Cliente_NuevoPedido - El cliente no cuenta con facturas pendientes
Message: Referencia a objeto no establecida como instancia de un objeto.
Source: CAPA_UI
Data: System.Collections.ListDictionaryInternal

2020-08-25 11:48:46,227 [1] INFO CAPA_UI.Cliente_NuevoPedido - El cliente: exar@gmail.com ha realizado una orden
2020-08-25 11:49:03,593 [1] INFO CAPA_UI.Login - Ingreso del usuario pizzahot@gmail.com
2020-08-25 11:49:14,751 [1] INFO CAPA_UI.Negocio_AceptarPedido - EL negocio:Pizza Hot acepto un pedido
2020-08-25 11:49:23,660 [1] INFO CAPA_UI.Login - Ingreso del usuario jomej@gmail.com
2020-08-25 11:49:32,872 [1] INFO CAPA_UI.Repartidor_AceptarEntregas - El repartidor: jomej@gmail.com entrgo un pedido
2020-08-25 11:49:50,662 [1] INFO CAPA_UI.Login - Ingreso del usuario exar@gmail.com
2020-08-25 11:49:57,593 [1] INFO CAPA_UI.Cliente_PedidoActual - El cliente no califico a los usuarios negocio y repartidor
2020-08-25 11:50:36,922 [1] INFO CAPA_UI.Login - Ingreso del usuario exar@gmail.com
2020-08-25 11:50:40,605 [1] ERROR CAPA_UI.Cliente_NuevoPedido - El cliente no cuenta con facturas pendientes
Message: Referencia a objeto no establecida como instancia de un objeto.
Source: CAPA_UI
Data: System.Collections.ListDictionaryInternal

2020-08-25 11:50:51,056 [1] INFO CAPA_UI.Login - Ingreso del usuario fau@gmail.com
2020-08-25 11:50:56,813 [1] ERROR CAPA_UI.Cliente_NuevoPedido - El cliente no cuenta con facturas pendientes
Message: Referencia a objeto no establecida como instancia de un objeto.
Source: CAPA_UI
Data: System.Collections.ListDictionaryInternal

2020-08-25 11:51:08,217 [1] INFO CAPA_UI.Login - Ingreso del usuario jmejias986@gmail.com
2020-08-25 11:51:15,067 [1] ERROR CAPA_UI.Cliente_NuevoPedido - El cliente no cuenta con facturas pendientes
Message: Referencia a objeto no establecida como instancia de un objeto.
Source: CAPA_UI
Data: System.Collections.ListDictionaryInternal

2020-08-25 11:51:30,287 [1] INFO CAPA_UI.Login - Ingreso del usuario meylin@gmail.com
2020-08-25 11:51:35,243 [1] ERROR CAPA_UI.Cliente_NuevoPedido - El cliente no cuenta con facturas pendientes
Message: La conversión especificada no es válida.
Source: CAPA_DATOS
Data: System.Collections.ListDictionaryInternal

2020-08-25 11:51:37,022 [1] ERROR CAPA_UI.Cliente_PedidoActual - El cliente no tiene facturas para calificar
Message: La conversión especificada no es válida.
Source: CAPA_DATOS
Data: System.Collections.ListDictionaryInternal

2020-08-25 11:56:32,428 [1] INFO CAPA_UI.Login - Ingreso del usuario fau@gmail.com
2020-08-25 11:56:36,730 [1] ERROR CAPA_UI.Cliente_NuevoPedido - El cliente no cuenta con facturas pendientes
Message: Referencia a objeto no establecida como instancia de un objeto.
Source: CAPA_UI
Data: System.Collections.ListDictionaryInternal

2020-08-25 12:43:28,145 [1] ERROR CAPA_UI.Login - El usuario no existe
Message: Referencia a objeto no establecida como instancia de un objeto.
Source: CAPA_UI
Data: System.Collections.ListDictionaryInternal

2020-08-25 12:43:34,818 [1] INFO CAPA_UI.Login - Ingreso del usuario pollolandia@gmail.com
2020-08-25 12:44:41,744 [1] INFO CAPA_UI.Negocio_Mant_Articulo - El negocio: Pollolandia agrego un nuevo producto
2020-08-25 12:55:36,953 [1] INFO CAPA_UI.Login - Ingreso del usuario jmejias986@gmail.com
2020-08-25 12:55:56,994 [1] ERROR CAPA_UI.Cliente_NuevoPedido - El cliente no cuenta con facturas pendientes
Message: Referencia a objeto no establecida como instancia de un objeto.
Source: CAPA_UI
Data: System.Collections.ListDictionaryInternal

2020-08-25 12:58:29,320 [1] INFO CAPA_UI.Cliente_NuevoPedido - Se ha canjeado un cupon de producto gratis
2020-08-25 12:59:44,470 [1] INFO CAPA_UI.Cliente_NuevoPedido - El cliente: jmejias986@gmail.com ha realizado una orden
2020-08-25 13:04:12,644 [1] INFO CAPA_UI.Login - Ingreso del usuario hambuguesascr@gmail.com
2020-08-25 13:04:29,707 [1] INFO CAPA_UI.Negocio_Configurar - El negocio: Hamburgueseria CR actualizo sus datos
2020-08-25 13:04:41,786 [1] INFO CAPA_UI.Negocio_Configurar - El negocio: Hamburgueseria CR actualizo sus datos
2020-08-25 13:05:26,699 [1] INFO CAPA_UI.Negocio_AceptarPedido - EL negocio:Hamburgueseria CR acepto un pedido
2020-08-25 13:07:03,724 [1] INFO CAPA_UI.Login - Ingreso del usuario esteban@gmail.com
2020-08-25 13:08:09,668 [1] INFO CAPA_UI.Repartidor_AceptarEntregas - El repartidor: esteban@gmail.com entrgo un pedido
2020-08-25 13:09:04,252 [1] INFO CAPA_UI.Login - Ingreso del usuario jmejias986@gmail.com
2020-08-25 13:09:43,070 [1] INFO CAPA_UI.Cliente_PedidoActual - El cliente realizo una calificacion al negocio y repartidor
2020-08-25 13:10:13,216 [1] INFO CAPA_UI.Login - Ingreso del usuario hambuguesascr@gmail.com
2020-08-25 13:53:36,225 [1] INFO CAPA_UI.Login - Ingreso del usuario jmejias986@gmail.com
2020-08-25 13:53:45,358 [1] ERROR CAPA_UI.Cliente_NuevoPedido - El cliente no cuenta con facturas pendientes
Message: Referencia a objeto no establecida como instancia de un objeto.
Source: CAPA_UI
Data: System.Collections.ListDictionaryInternal

2020-08-25 13:54:36,340 [1] INFO CAPA_UI.Cliente_NuevoPedido - Se ha canjeado un cupon de descuento
2020-08-25 13:54:50,694 [1] INFO CAPA_UI.Cliente_NuevoPedido - El cliente: jmejias986@gmail.com ha realizado una orden
2020-08-25 13:55:15,056 [1] INFO CAPA_UI.Login - Ingreso del usuario hambuguesascr@gmail.com
2020-08-25 13:55:54,481 [1] INFO CAPA_UI.Negocio_AceptarPedido - EL negocio:Hamburgueseria CR acepto un pedido
2020-08-25 13:56:07,435 [1] INFO CAPA_UI.Login - Ingreso del usuario jomej@gmail.com
2020-08-25 13:56:59,292 [1] INFO CAPA_UI.Repartidor_AceptarEntregas - El repartidor: jomej@gmail.com entrgo un pedido
2020-08-25 13:57:16,209 [1] INFO CAPA_UI.Login - Ingreso del usuario jmejias986@gmail.com
2020-08-25 13:57:53,851 [1] INFO CAPA_UI.Cliente_PedidoActual - El cliente realizo una calificacion al negocio y repartidor
2020-08-25 13:57:57,129 [1] ERROR CAPA_UI.Cliente_NuevoPedido - El cliente no cuenta con facturas pendientes
Message: Referencia a objeto no establecida como instancia de un objeto.
Source: CAPA_UI
Data: System.Collections.ListDictionaryInternal

2020-08-25 14:05:36,593 [1] INFO CAPA_UI.Login - Ingreso del usuario hambuguesascr@gmail.com
2020-08-25 14:06:46,434 [1] INFO CAPA_UI.Login - Ingreso del usuario jomej@gmail.com
2020-08-25 14:08:59,103 [1] INFO CAPA_UI.Login - Ingreso del usuario admin
2020-08-25 14:10:22,634 [1] INFO CAPA_UI.Login - Ingreso del usuario pizzahot@gmail.com
2020-08-25 14:12:33,132 [1] INFO CAPA_UI.Negocio_Mant_Articulo - El negocio: Pizza Hot agrego un nuevo producto
2020-08-25 14:13:44,768 [1] INFO CAPA_UI.Negocio_Mant_Articulo - El negocio: Pizza Hot modifico un producto
2020-08-25 14:14:23,598 [1] INFO CAPA_UI.Negocio_Mant_Articulo - El negocio: Pizza Hot elimino un producto/cupon
2020-08-25 14:14:52,639 [1] INFO CAPA_UI.Login - Ingreso del usuario jmejias986@gmail.com
2020-08-25 14:14:57,331 [1] ERROR CAPA_UI.Cliente_NuevoPedido - El cliente no cuenta con facturas pendientes
Message: Referencia a objeto no establecida como instancia de un objeto.
Source: CAPA_UI
Data: System.Collections.ListDictionaryInternal

2020-08-25 14:16:26,956 [1] INFO CAPA_UI.Cliente_NuevoPedido - Se ha canjeado un cupon de producto gratis
2020-08-25 14:19:54,476 [1] INFO CAPA_UI.CrearUsuario - Creacion de un nuevo usuario
2020-08-25 14:20:02,911 [1] INFO CAPA_UI.Login - Ingreso del usuario jonathan@gmail.com
